 2026-05-27 15:37:08,666 - INFO - Starting api...
 2026-05-27 15:37:37,811 - INFO - Starting api...
 2026-05-27 15:38:42,090 - INFO - Starting API...
 2026-05-27 15:42:34,388 - INFO - Starting API...
 2026-05-27 15:42:48,180 - INFO - Starting API...
 2026-05-27 15:43:07,402 - INFO - Starting API...
 2026-05-27 15:43:08,221 - INFO - Request to chatbot 
 2026-05-27 15:43:12,724 - INFO - Request to chatbot 
 2026-05-27 15:43:13,354 - INFO - Request to chatbot 
 2026-05-27 15:43:13,576 - INFO - Request to chatbot 
 2026-05-27 15:43:13,990 - INFO - Request to chatbot 
 2026-05-27 15:43:42,288 - INFO - Request to chatbot 
 2026-05-27 15:45:41,114 - INFO - Request to chatbot 
 2026-05-27 15:45:41,734 - INFO - Request to chatbot 
 2026-05-27 15:45:41,888 - INFO - Request to chatbot 
 2026-05-27 15:45:42,036 - INFO - Request to chatbot 
 2026-05-27 15:45:42,182 - INFO - Request to chatbot 
 2026-05-27 15:45:42,337 - INFO - Request to chatbot 
 2026-05-27 15:45:42,486 - INFO - Request to chatbot 
 2026-05-27 15:45:42,630 - INFO - Request to chatbot 
 2026-05-27 15:45:42,799 - INFO - Request to chatbot 
 2026-05-27 15:45:43,809 - INFO - Request to chatbot 
 2026-05-27 15:46:46,762 - INFO - Starting API...
 2026-05-27 15:46:49,022 - INFO - Request to chatbot 
 2026-05-27 15:46:49,957 - INFO - Request to chatbot 
 2026-05-27 15:46:50,364 - INFO - Request to chatbot 
 2026-05-27 15:46:50,477 - INFO - Request to chatbot 
 2026-05-27 15:46:50,618 - INFO - Request to chatbot 
 2026-05-27 15:46:50,776 - INFO - Request to chatbot 
 2026-05-27 15:46:50,941 - INFO - Request to chatbot 
 2026-05-27 15:46:51,046 - INFO - Request to chatbot 
 2026-05-27 15:47:54,775 - INFO - Starting API...
 2026-05-27 15:48:00,878 - INFO - Request to chatbot 
 2026-05-27 16:04:05,969 - INFO - Starting API...
 2026-05-27 19:14:30,057 - INFO - Request to chatbot 
 2026-05-27 20:00:26,463 - INFO - Starting API...
 2026-05-27 21:04:06,849 - INFO - Starting API...
 2026-05-27 21:04:08,750 - INFO - Starting API...
 2026-05-27 21:04:16,623 - INFO - Request to chatbot 
 2026-05-27 21:04:17,368 - INFO - Request to chatbot 
 2026-05-27 21:23:30,410 - INFO - Starting API...
 2026-05-27 21:24:00,080 - INFO - Starting API...
 2026-05-27 21:25:48,434 - INFO - Starting API...
 2026-05-27 21:25:53,250 - INFO - Starting API...
 2026-05-27 21:25:54,441 - INFO - Starting API...
 2026-05-27 21:26:21,872 - INFO - Starting API...
 2026-05-27 21:26:28,391 - INFO - Starting API...
 2026-05-27 21:26:37,388 - INFO - Starting API...
 2026-05-27 21:26:38,916 - INFO - Starting API...
 2026-05-27 21:30:21,091 - INFO - Starting API...
 2026-05-27 21:30:57,951 - INFO - Starting API...
 2026-05-27 21:31:07,149 - INFO - Starting API...
 2026-05-27 21:32:49,426 - INFO - Request to chatbot
 2026-05-27 21:32:49,427 - INFO - User message: string
 2026-05-28 17:50:20,968 - INFO - Starting API...
 2026-05-28 17:57:20,821 - INFO - Starting API...
 2026-05-28 18:07:39,782 - INFO - Starting API...
 2026-05-29 00:21:28,819 - INFO - Starting API...
 2026-05-29 00:21:29,612 - INFO - Starting API...
 2026-05-29 00:34:05,024 - INFO - Starting API...
 2026-05-29 00:36:11,766 - INFO - Starting API...
 2026-05-29 00:36:26,194 - INFO - Starting API...
 2026-05-29 00:36:28,338 - INFO - Starting API...
 2026-05-29 00:36:29,231 - INFO - Starting API...
 2026-05-29 00:41:58,505 - INFO - Starting API...
 2026-05-29 00:44:38,853 - INFO - Starting API...
 2026-05-29 00:44:40,669 - INFO - Starting API...
 2026-05-29 00:44:57,333 - INFO - Starting API...
 2026-05-29 00:46:53,350 - INFO - Starting API...
 2026-05-29 00:47:33,775 - INFO - Starting API...
 2026-05-29 00:51:07,762 - INFO - Starting API...
 2026-05-29 01:00:26,335 - INFO - Starting API...
 2026-05-29 01:09:46,454 - INFO - Starting API...
 2026-05-29 01:10:31,970 - INFO - Request to chatbot
 2026-05-29 01:10:31,970 - INFO - User message: hello
 2026-05-29 01:11:23,867 - INFO - Starting API...
 2026-05-29 01:11:38,763 - INFO - Request to chatbot
 2026-05-29 01:11:38,763 - INFO - User message: hello
 2026-05-29 01:12:01,688 - INFO - Starting API...
 2026-05-29 01:12:05,383 - INFO - Request to chatbot
 2026-05-29 01:12:05,384 - INFO - User message: hello
 2026-05-29 01:13:45,189 - INFO - Starting API...
 2026-05-29 01:13:48,340 - INFO - Request to chatbot
 2026-05-29 01:13:48,340 - INFO - User message: hello
 2026-05-29 01:14:17,450 - INFO - Starting API...
 2026-05-29 01:14:19,944 - INFO - Starting API...
 2026-05-29 01:14:23,385 - INFO - Request to chatbot
 2026-05-29 01:14:23,386 - INFO - User message: hello
 2026-05-29 01:14:35,146 - INFO - Starting API...
 2026-05-29 01:14:36,047 - INFO - Request to chatbot
 2026-05-29 01:14:36,047 - INFO - User message: hello
 2026-05-29 01:14:40,197 - INFO - Request to chatbot
 2026-05-29 01:14:40,198 - INFO - User message: hello
 2026-05-29 01:14:42,214 - INFO - Request to chatbot
 2026-05-29 01:14:42,214 - INFO - User message: hello
 2026-05-29 01:15:05,938 - INFO - Starting API...
 2026-05-29 01:15:14,923 - INFO - Request to chatbot
 2026-05-29 01:15:14,924 - INFO - User message: string
 2026-05-29 01:15:32,678 - INFO - Request to chatbot
 2026-05-29 01:15:32,678 - INFO - User message: order
 2026-05-29 01:15:44,501 - INFO - Request to chatbot
 2026-05-29 01:15:44,501 - INFO - User message: refund
 2026-05-29 01:30:42,195 - INFO - Starting API...
 2026-05-29 01:31:37,726 - INFO - Starting API...
 2026-05-29 14:04:44,355 - INFO - Starting API...
 2026-05-29 14:04:45,734 - INFO - Starting API...
 2026-05-29 14:05:08,365 - INFO - Request to chatbot
 2026-05-29 14:05:08,365 - INFO - User message: HI
 2026-06-11 16:31:44,564 - INFO - Starting API...
 2026-06-11 16:34:10,587 - INFO - Starting API...
 2026-06-11 16:34:16,167 - INFO - Starting API...
 2026-06-11 16:38:54,965 - INFO - Starting API...
 2026-06-11 16:40:42,104 - INFO - Starting API...
 2026-06-11 16:41:23,372 - INFO - Starting API...
 2026-06-11 16:55:35,619 - INFO - Starting API...
 2026-06-11 17:07:26,841 - INFO - Starting API...
 2026-06-11 17:08:04,790 - INFO - Starting API...
 2026-06-11 17:11:45,316 - INFO - Starting API...
 2026-06-11 17:11:48,090 - INFO - Starting API...
 2026-06-11 17:11:55,290 - INFO - Starting API...
 2026-06-11 17:14:30,438 - INFO - Request to chatbot
 2026-06-11 17:14:30,442 - INFO - User message: hi
 2026-06-11 17:15:00,501 - INFO - Request to chatbot
 2026-06-11 17:15:00,520 - INFO - User message: hello
 2026-06-11 17:15:30,172 - INFO - Starting API...
 2026-06-11 17:15:30,338 - INFO - Starting API...
 2026-06-11 17:15:30,345 - INFO - Request to chatbot
 2026-06-11 17:15:30,347 - INFO - User message: hello
 2026-06-11 17:15:54,007 - INFO - Request to chatbot
 2026-06-11 17:15:54,009 - INFO - User message: return
 2026-06-11 17:16:11,383 - INFO - Request to chatbot
 2026-06-11 17:16:11,386 - INFO - User message: refund
 2026-06-11 17:16:29,802 - INFO - Starting API...
 2026-06-11 17:16:29,810 - INFO - Request to chatbot
 2026-06-11 17:16:29,812 - INFO - User message: refund
 2026-06-11 17:16:29,942 - INFO - Starting API...
 2026-06-11 17:16:48,408 - INFO - Request to chatbot
 2026-06-11 17:16:48,414 - INFO - User message: refund
 2026-06-11 17:36:08,197 - INFO - Starting API...
 2026-06-11 17:36:15,439 - INFO - Starting API...
 2026-06-11 17:37:46,464 - INFO - Starting API...
 2026-06-11 17:37:47,510 - INFO - Starting API...
 2026-06-11 17:37:57,239 - INFO - Starting API...
 2026-06-11 17:37:57,250 - INFO - Request to chatbot
 2026-06-11 17:37:57,250 - INFO - User message: refund
 2026-06-11 17:37:57,390 - INFO - Starting API...
 2026-06-11 17:38:14,145 - INFO - Request to chatbot
 2026-06-11 17:38:14,146 - INFO - User message: hi
 2026-06-11 17:38:38,381 - INFO - Starting API...
 2026-06-11 17:39:04,643 - INFO - Starting API...
 2026-06-11 17:39:25,828 - INFO - Starting API...
 2026-06-11 18:26:27,823 - INFO - Starting API...
 2026-06-11 18:26:41,969 - INFO - Starting API...
 2026-06-11 18:29:01,201 - INFO - Request to chatbot
 2026-06-11 18:29:01,202 - INFO - User message: hi
 2026-06-11 18:29:27,986 - INFO - Starting API...
 2026-06-11 18:35:44,063 - INFO - Starting API...
 2026-06-11 18:36:04,700 - INFO - Starting API...
 2026-06-11 18:37:14,725 - INFO - Starting API...
 2026-06-11 18:37:24,738 - INFO - Starting API...
 2026-06-11 18:42:33,655 - INFO - Starting API...
 2026-06-11 18:42:51,292 - INFO - Starting API...
 2026-06-11 18:44:29,150 - INFO - Starting API...
 2026-06-11 18:44:46,624 - INFO - Starting API...
 2026-06-11 18:46:48,236 - INFO - Starting API...
 2026-06-11 18:46:55,542 - INFO - Starting API...
 2026-06-11 18:47:22,135 - INFO - Request to chatbot
 2026-06-11 18:47:22,135 - INFO - User message: hi
 2026-06-11 18:47:35,664 - INFO - Request to chatbot
 2026-06-11 18:47:35,664 - INFO - User message: heyy
 2026-06-11 18:47:49,434 - INFO - Request to chatbot
 2026-06-11 18:47:49,434 - INFO - User message: hello
 2026-06-11 18:47:57,047 - INFO - Request to chatbot
 2026-06-11 18:47:57,047 - INFO - User message: hello
 2026-06-11 18:51:14,270 - INFO - Request to chatbot
 2026-06-11 18:51:14,271 - INFO - User message: bye
 2026-06-11 18:53:02,909 - INFO - Starting API...
 2026-06-11 18:53:07,997 - INFO - Request to chatbot
 2026-06-11 18:53:07,998 - INFO - User message: hi
 2026-06-11 18:54:00,371 - INFO - Starting API...
 2026-06-11 18:54:00,384 - INFO - Request to chatbot
 2026-06-11 18:54:00,384 - INFO - User message: hi
 2026-06-12 01:48:57,558 - INFO - Starting API...
 2026-06-12 01:49:02,650 - INFO - Starting API...
 2026-06-12 01:59:54,506 - INFO - Request to chatbot
 2026-06-12 01:59:54,506 - INFO - User message: hi
 2026-06-12 01:59:55,566 - INFO - Request to chatbot
 2026-06-12 01:59:55,566 - INFO - User message: hi
 2026-06-12 01:59:55,752 - INFO - Request to chatbot
 2026-06-12 01:59:55,753 - INFO - User message: hi
 2026-06-12 01:59:55,963 - INFO - Request to chatbot
 2026-06-12 01:59:55,964 - INFO - User message: hi
 2026-06-12 02:00:01,363 - INFO - Request to chatbot
 2026-06-12 02:00:01,363 - INFO - User message: hijjjjj
 2026-06-12 02:00:56,983 - INFO - Request to chatbot
 2026-06-12 02:00:56,983 - INFO - User message: hi
 2026-06-12 02:01:25,257 - INFO - Request to chatbot
 2026-06-12 02:01:25,257 - INFO - User message: hello
 2026-06-12 02:01:31,439 - INFO - Request to chatbot
 2026-06-12 02:01:31,439 - INFO - User message: hello
 2026-06-12 02:01:31,795 - INFO - Request to chatbot
 2026-06-12 02:01:31,795 - INFO - User message: hello
 2026-06-12 02:02:35,664 - INFO - Request to chatbot
 2026-06-12 02:02:35,664 - INFO - User message: heyy
 2026-06-12 02:02:46,379 - INFO - Request to chatbot
 2026-06-12 02:02:46,379 - INFO - User message: hwyy
 2026-06-12 02:03:30,299 - INFO - Request to chatbot
 2026-06-12 02:03:30,300 - INFO - User message: hello
 2026-06-12 02:05:21,098 - INFO - Request to chatbot
 2026-06-12 02:05:21,098 - INFO - User message: hi
 2026-06-12 02:05:25,221 - INFO - Request to chatbot
 2026-06-12 02:05:25,222 - INFO - User message: heyy
 2026-06-12 02:05:37,162 - INFO - Request to chatbot
 2026-06-12 02:05:37,163 - INFO - User message: order
 2026-06-12 02:10:55,523 - INFO - Request to chatbot
 2026-06-12 02:10:55,524 - INFO - User message: hi
 2026-06-12 02:13:57,180 - INFO - Request to chatbot
 2026-06-12 02:13:57,180 - INFO - User message: hi
 2026-06-12 02:16:52,254 - INFO - Request to chatbot
 2026-06-12 02:16:52,255 - INFO - User message: hi
 2026-06-12 02:16:58,252 - INFO - Request to chatbot
 2026-06-12 02:16:58,252 - INFO - User message: hey
 2026-06-12 02:17:06,500 - INFO - Request to chatbot
 2026-06-12 02:17:06,500 - INFO - User message: hi
 2026-06-12 02:17:12,682 - INFO - Request to chatbot
 2026-06-12 02:17:12,682 - INFO - User message: hi
 2026-06-12 02:17:34,568 - INFO - Request to chatbot
 2026-06-12 02:17:34,569 - INFO - User message: hi
 2026-06-12 02:17:45,334 - INFO - Request to chatbot
 2026-06-12 02:17:45,334 - INFO - User message: hi
 2026-06-12 02:17:54,357 - INFO - Request to chatbot
 2026-06-12 02:17:54,358 - INFO - User message: hiii
 2026-06-12 02:20:47,357 - INFO - Request to chatbot
 2026-06-12 02:20:47,357 - INFO - User message: hi
 2026-06-12 02:22:28,103 - INFO - Request to chatbot
 2026-06-12 02:22:28,103 - INFO - User message: hiii
 2026-06-12 02:22:31,419 - INFO - Request to chatbot
 2026-06-12 02:22:31,420 - INFO - User message: oh
 2026-06-12 02:22:36,636 - INFO - Request to chatbot
 2026-06-12 02:22:36,636 - INFO - User message: ok
 2026-06-12 02:30:06,855 - INFO - Request to chatbot
 2026-06-12 02:30:06,856 - INFO - User message: hi
 2026-06-12 02:30:19,572 - INFO - Request to chatbot
 2026-06-12 02:30:19,572 - INFO - User message: hi
 2026-06-12 02:30:19,788 - INFO - Request to chatbot
 2026-06-12 02:30:19,788 - INFO - User message: hi
 2026-06-12 02:30:23,503 - INFO - Request to chatbot
 2026-06-12 02:30:23,504 - INFO - User message: hi
 2026-06-12 02:30:23,722 - INFO - Request to chatbot
 2026-06-12 02:30:23,722 - INFO - User message: hi
 2026-06-12 02:30:35,883 - INFO - Request to chatbot
 2026-06-12 02:30:35,884 - INFO - User message: hello
 2026-06-12 02:30:42,106 - INFO - Request to chatbot
 2026-06-12 02:30:42,106 - INFO - User message: hi
 2026-06-12 02:30:46,057 - INFO - Request to chatbot
 2026-06-12 02:30:46,059 - INFO - User message: hwllo
